Linked: (/home/pev/Documents/Nav/catkin_ws/devel/.private/openslam_gmapping/lib/libutils.so, /home/pev/Documents/Nav/catkin_ws/devel/lib/libutils.so)
Linked: (/home/pev/Documents/Nav/catkin_ws/devel/.private/openslam_gmapping/lib/libsensor_odometry.so, /home/pev/Documents/Nav/catkin_ws/devel/lib/libsensor_odometry.so)
Linked: (/home/pev/Documents/Nav/catkin_ws/devel/.private/openslam_gmapping/lib/libsensor_range.so, /home/pev/Documents/Nav/catkin_ws/devel/lib/libsensor_range.so)
Linked: (/home/pev/Documents/Nav/catkin_ws/devel/.private/openslam_gmapping/lib/libscanmatcher.so, /home/pev/Documents/Nav/catkin_ws/devel/lib/libscanmatcher.so)
Linked: (/home/pev/Documents/Nav/catkin_ws/devel/.private/openslam_gmapping/lib/libsensor_base.so, /home/pev/Documents/Nav/catkin_ws/devel/lib/libsensor_base.so)
Linked: (/home/pev/Documents/Nav/catkin_ws/devel/.private/openslam_gmapping/lib/liblog.so, /home/pev/Documents/Nav/catkin_ws/devel/lib/liblog.so)
Linked: (/home/pev/Documents/Nav/catkin_ws/devel/.private/openslam_gmapping/lib/libgridfastslam.so, /home/pev/Documents/Nav/catkin_ws/devel/lib/libgridfastslam.so)
Linked: (/home/pev/Documents/Nav/catkin_ws/devel/.private/openslam_gmapping/lib/libconfigfile.so, /home/pev/Documents/Nav/catkin_ws/devel/lib/libconfigfile.so)
Linked: (/home/pev/Documents/Nav/catkin_ws/devel/.private/openslam_gmapping/lib/openslam_gmapping/gfs2neff, /home/pev/Documents/Nav/catkin_ws/devel/lib/openslam_gmapping/gfs2neff)
Linked: (/home/pev/Documents/Nav/catkin_ws/devel/.private/openslam_gmapping/lib/openslam_gmapping/autoptr_test, /home/pev/Documents/Nav/catkin_ws/devel/lib/openslam_gmapping/autoptr_test)
Linked: (/home/pev/Documents/Nav/catkin_ws/devel/.private/openslam_gmapping/lib/openslam_gmapping/scanstudio2carmen, /home/pev/Documents/Nav/catkin_ws/devel/lib/openslam_gmapping/scanstudio2carmen)
Linked: (/home/pev/Documents/Nav/catkin_ws/devel/.private/openslam_gmapping/lib/openslam_gmapping/gfs2log, /home/pev/Documents/Nav/catkin_ws/devel/lib/openslam_gmapping/gfs2log)
Linked: (/home/pev/Documents/Nav/catkin_ws/devel/.private/openslam_gmapping/lib/openslam_gmapping/configfile_test, /home/pev/Documents/Nav/catkin_ws/devel/lib/openslam_gmapping/configfile_test)
Linked: (/home/pev/Documents/Nav/catkin_ws/devel/.private/openslam_gmapping/lib/openslam_gmapping/scanmatch_test, /home/pev/Documents/Nav/catkin_ws/devel/lib/openslam_gmapping/scanmatch_test)
Linked: (/home/pev/Documents/Nav/catkin_ws/devel/.private/openslam_gmapping/lib/openslam_gmapping/log_plot, /home/pev/Documents/Nav/catkin_ws/devel/lib/openslam_gmapping/log_plot)
Linked: (/home/pev/Documents/Nav/catkin_ws/devel/.private/openslam_gmapping/lib/openslam_gmapping/log_test, /home/pev/Documents/Nav/catkin_ws/devel/lib/openslam_gmapping/log_test)
Linked: (/home/pev/Documents/Nav/catkin_ws/devel/.private/openslam_gmapping/lib/openslam_gmapping/rdk2carmen, /home/pev/Documents/Nav/catkin_ws/devel/lib/openslam_gmapping/rdk2carmen)
Linked: (/home/pev/Documents/Nav/catkin_ws/devel/.private/openslam_gmapping/lib/openslam_gmapping/gfs2rec, /home/pev/Documents/Nav/catkin_ws/devel/lib/openslam_gmapping/gfs2rec)
Linked: (/home/pev/Documents/Nav/catkin_ws/devel/.private/openslam_gmapping/lib/openslam_gmapping/icptest, /home/pev/Documents/Nav/catkin_ws/devel/lib/openslam_gmapping/icptest)
Linked: (/home/pev/Documents/Nav/catkin_ws/devel/.private/openslam_gmapping/lib/pkgconfig/openslam_gmapping.pc, /home/pev/Documents/Nav/catkin_ws/devel/lib/pkgconfig/openslam_gmapping.pc)
Linked: (/home/pev/Documents/Nav/catkin_ws/devel/.private/openslam_gmapping/share/openslam_gmapping/cmake/openslam_gmappingConfig.cmake, /home/pev/Documents/Nav/catkin_ws/devel/share/openslam_gmapping/cmake/openslam_gmappingConfig.cmake)
Linked: (/home/pev/Documents/Nav/catkin_ws/devel/.private/openslam_gmapping/share/openslam_gmapping/cmake/openslam_gmappingConfig-version.cmake, /home/pev/Documents/Nav/catkin_ws/devel/share/openslam_gmapping/cmake/openslam_gmappingConfig-version.cmake)
