Symlinking /home/pev/Documents/Nav/catkin_ws/devel/lib/python2.7/dist-packages/actionlib_tutorial/__init__.py
Symlinking /home/pev/Documents/Nav/catkin_ws/devel/lib/python2.7/dist-packages/actionlib_tutorial/msg/_navServAction.py
Symlinking /home/pev/Documents/Nav/catkin_ws/devel/lib/python2.7/dist-packages/actionlib_tutorial/msg/_navServResult.py
Symlinking /home/pev/Documents/Nav/catkin_ws/devel/lib/python2.7/dist-packages/actionlib_tutorial/msg/_navServActionFeedback.py
Symlinking /home/pev/Documents/Nav/catkin_ws/devel/lib/python2.7/dist-packages/actionlib_tutorial/msg/__init__.py
Symlinking /home/pev/Documents/Nav/catkin_ws/devel/lib/python2.7/dist-packages/actionlib_tutorial/msg/_navServActionResult.py
Symlinking /home/pev/Documents/Nav/catkin_ws/devel/lib/python2.7/dist-packages/actionlib_tutorial/msg/_navServFeedback.py
Symlinking /home/pev/Documents/Nav/catkin_ws/devel/lib/python2.7/dist-packages/actionlib_tutorial/msg/_navServActionGoal.py
Symlinking /home/pev/Documents/Nav/catkin_ws/devel/lib/python2.7/dist-packages/actionlib_tutorial/msg/_navServGoal.py
Symlinking /home/pev/Documents/Nav/catkin_ws/devel/lib/pkgconfig/actionlib_tutorial.pc
Symlinking /home/pev/Documents/Nav/catkin_ws/devel/include/actionlib_tutorial/navServActionGoal.h
Symlinking /home/pev/Documents/Nav/catkin_ws/devel/include/actionlib_tutorial/navServFeedback.h
Symlinking /home/pev/Documents/Nav/catkin_ws/devel/include/actionlib_tutorial/navServActionResult.h
Symlinking /home/pev/Documents/Nav/catkin_ws/devel/include/actionlib_tutorial/navServGoal.h
Symlinking /home/pev/Documents/Nav/catkin_ws/devel/include/actionlib_tutorial/navServResult.h
Symlinking /home/pev/Documents/Nav/catkin_ws/devel/include/actionlib_tutorial/navServActionFeedback.h
Symlinking /home/pev/Documents/Nav/catkin_ws/devel/include/actionlib_tutorial/navServAction.h
Symlinking /home/pev/Documents/Nav/catkin_ws/devel/share/gennodejs/ros/actionlib_tutorial/_index.js
Symlinking /home/pev/Documents/Nav/catkin_ws/devel/share/gennodejs/ros/actionlib_tutorial/msg/navServAction.js
Symlinking /home/pev/Documents/Nav/catkin_ws/devel/share/gennodejs/ros/actionlib_tutorial/msg/navServFeedback.js
Symlinking /home/pev/Documents/Nav/catkin_ws/devel/share/gennodejs/ros/actionlib_tutorial/msg/navServActionFeedback.js
Symlinking /home/pev/Documents/Nav/catkin_ws/devel/share/gennodejs/ros/actionlib_tutorial/msg/navServActionGoal.js
Symlinking /home/pev/Documents/Nav/catkin_ws/devel/share/gennodejs/ros/actionlib_tutorial/msg/navServResult.js
Symlinking /home/pev/Documents/Nav/catkin_ws/devel/share/gennodejs/ros/actionlib_tutorial/msg/_index.js
Symlinking /home/pev/Documents/Nav/catkin_ws/devel/share/gennodejs/ros/actionlib_tutorial/msg/navServGoal.js
Symlinking /home/pev/Documents/Nav/catkin_ws/devel/share/gennodejs/ros/actionlib_tutorial/msg/navServActionResult.js
Symlinking /home/pev/Documents/Nav/catkin_ws/devel/share/common-lisp/ros/actionlib_tutorial/msg/navServResult.lisp
Symlinking /home/pev/Documents/Nav/catkin_ws/devel/share/common-lisp/ros/actionlib_tutorial/msg/_package_navServActionResult.lisp
Symlinking /home/pev/Documents/Nav/catkin_ws/devel/share/common-lisp/ros/actionlib_tutorial/msg/navServGoal.lisp
Symlinking /home/pev/Documents/Nav/catkin_ws/devel/share/common-lisp/ros/actionlib_tutorial/msg/_package_navServActionGoal.lisp
Symlinking /home/pev/Documents/Nav/catkin_ws/devel/share/common-lisp/ros/actionlib_tutorial/msg/actionlib_tutorial-msg.asd
Symlinking /home/pev/Documents/Nav/catkin_ws/devel/share/common-lisp/ros/actionlib_tutorial/msg/navServActionFeedback.lisp
Symlinking /home/pev/Documents/Nav/catkin_ws/devel/share/common-lisp/ros/actionlib_tutorial/msg/_package_navServResult.lisp
Symlinking /home/pev/Documents/Nav/catkin_ws/devel/share/common-lisp/ros/actionlib_tutorial/msg/_package_navServGoal.lisp
Symlinking /home/pev/Documents/Nav/catkin_ws/devel/share/common-lisp/ros/actionlib_tutorial/msg/navServAction.lisp
Symlinking /home/pev/Documents/Nav/catkin_ws/devel/share/common-lisp/ros/actionlib_tutorial/msg/_package_navServAction.lisp
Symlinking /home/pev/Documents/Nav/catkin_ws/devel/share/common-lisp/ros/actionlib_tutorial/msg/_package_navServFeedback.lisp
Symlinking /home/pev/Documents/Nav/catkin_ws/devel/share/common-lisp/ros/actionlib_tutorial/msg/_package.lisp
Symlinking /home/pev/Documents/Nav/catkin_ws/devel/share/common-lisp/ros/actionlib_tutorial/msg/_package_navServActionFeedback.lisp
Symlinking /home/pev/Documents/Nav/catkin_ws/devel/share/common-lisp/ros/actionlib_tutorial/msg/navServActionResult.lisp
Symlinking /home/pev/Documents/Nav/catkin_ws/devel/share/common-lisp/ros/actionlib_tutorial/msg/navServActionGoal.lisp
Symlinking /home/pev/Documents/Nav/catkin_ws/devel/share/common-lisp/ros/actionlib_tutorial/msg/navServFeedback.lisp
Symlinking /home/pev/Documents/Nav/catkin_ws/devel/share/actionlib_tutorial/cmake/actionlib_tutorialConfig-version.cmake
Symlinking /home/pev/Documents/Nav/catkin_ws/devel/share/actionlib_tutorial/cmake/actionlib_tutorialConfig.cmake
Symlinking /home/pev/Documents/Nav/catkin_ws/devel/share/actionlib_tutorial/cmake/actionlib_tutorial-msg-paths.cmake
Symlinking /home/pev/Documents/Nav/catkin_ws/devel/share/actionlib_tutorial/cmake/actionlib_tutorial-msg-extras.cmake
Symlinking /home/pev/Documents/Nav/catkin_ws/devel/share/actionlib_tutorial/msg/navServActionFeedback.msg
Symlinking /home/pev/Documents/Nav/catkin_ws/devel/share/actionlib_tutorial/msg/navServActionResult.msg
Symlinking /home/pev/Documents/Nav/catkin_ws/devel/share/actionlib_tutorial/msg/navServResult.msg
Symlinking /home/pev/Documents/Nav/catkin_ws/devel/share/actionlib_tutorial/msg/navServFeedback.msg
Symlinking /home/pev/Documents/Nav/catkin_ws/devel/share/actionlib_tutorial/msg/navServAction.msg
Symlinking /home/pev/Documents/Nav/catkin_ws/devel/share/actionlib_tutorial/msg/navServGoal.msg
Symlinking /home/pev/Documents/Nav/catkin_ws/devel/share/actionlib_tutorial/msg/navServActionGoal.msg
Symlinking /home/pev/Documents/Nav/catkin_ws/devel/share/roseus/ros/actionlib_tutorial/manifest.l
Symlinking /home/pev/Documents/Nav/catkin_ws/devel/share/roseus/ros/actionlib_tutorial/msg/navServActionFeedback.l
Symlinking /home/pev/Documents/Nav/catkin_ws/devel/share/roseus/ros/actionlib_tutorial/msg/navServGoal.l
Symlinking /home/pev/Documents/Nav/catkin_ws/devel/share/roseus/ros/actionlib_tutorial/msg/navServResult.l
Symlinking /home/pev/Documents/Nav/catkin_ws/devel/share/roseus/ros/actionlib_tutorial/msg/navServActionGoal.l
Symlinking /home/pev/Documents/Nav/catkin_ws/devel/share/roseus/ros/actionlib_tutorial/msg/navServAction.l
Symlinking /home/pev/Documents/Nav/catkin_ws/devel/share/roseus/ros/actionlib_tutorial/msg/navServActionResult.l
Symlinking /home/pev/Documents/Nav/catkin_ws/devel/share/roseus/ros/actionlib_tutorial/msg/navServFeedback.l
