[  0%] Built target geometry_msgs_generate_messages_cpp
[  0%] Built target _actionlib_tutorial_generate_messages_check_deps_navServAction
[  0%] Built target _actionlib_tutorial_generate_messages_check_deps_navServFeedback
[  0%] Built target _actionlib_tutorial_generate_messages_check_deps_navServActionResult
[  0%] Built target _actionlib_tutorial_generate_messages_check_deps_navServResult
[  0%] Built target actionlib_msgs_generate_messages_cpp
[  0%] Built target _actionlib_tutorial_generate_messages_check_deps_navServActionGoal
[  0%] Built target _actionlib_tutorial_generate_messages_check_deps_navServGoal
[  0%] Built target _actionlib_tutorial_generate_messages_check_deps_navServActionFeedback
[  0%] Built target std_msgs_generate_messages_cpp
[  0%] Built target geometry_msgs_generate_messages_py
[  0%] Built target geometry_msgs_generate_messages_nodejs
[  0%] Built target std_msgs_generate_messages_py
[  0%] Built target actionlib_msgs_generate_messages_py
[  0%] Built target std_msgs_generate_messages_nodejs
[  0%] Built target actionlib_msgs_generate_messages_nodejs
[  0%] Built target actionlib_msgs_generate_messages_lisp
[  0%] Built target geometry_msgs_generate_messages_lisp
[  0%] Built target actionlib_msgs_generate_messages_eus
[  0%] Built target geometry_msgs_generate_messages_eus
[  0%] Built target std_msgs_generate_messages_lisp
[  0%] Built target std_msgs_generate_messages_eus
[ 18%] Built target actionlib_tutorial_generate_messages_cpp
[ 40%] Built target actionlib_tutorial_generate_messages_py
[ 59%] Built target actionlib_tutorial_generate_messages_nodejs
[ 78%] Built target actionlib_tutorial_generate_messages_lisp
[100%] Built target actionlib_tutorial_generate_messages_eus
[100%] Built target actionlib_tutorial_generate_messages
